<?xml version="1.0" encoding="UTF-8"?>
<!-- Generated by org.testng.reporters.JUnitReportReporter -->
<testsuite skipped="0" hostname="Yongs-MBP.hsd1.ca.comcast.net" name="testclasses.TestNG_Prioritiy" tests="3" failures="0" timestamp="21 Apr 2018 03:53:49 GMT" time="0.002" errors="0">
  <testcase name="testMethod3" time="0.001" classname="testclasses.TestNG_Prioritiy"/>
  <testcase name="testMethod2" time="0.001" classname="testclasses.TestNG_Prioritiy"/>
  <testcase name="testMethod1" time="0.000" classname="testclasses.TestNG_Prioritiy"/>
</testsuite> <!-- testclasses.TestNG_Prioritiy -->
