<?xml version="1.0" encoding="UTF-8"?>
<!-- Generated by org.testng.reporters.JUnitReportReporter -->
<testsuite skipped="0" hostname="Yongs-MBP.hsd1.ca.comcast.net" name="testclasses.TestNG_Grouping_1" tests="4" failures="0" timestamp="21 Apr 2018 03:53:49 GMT" time="0.003" errors="0">
  <testcase name="testBMWX6" time="0.001" classname="testclasses.TestNG_Grouping_1"/>
  <testcase name="testAudiA6" time="0.000" classname="testclasses.TestNG_Grouping_1"/>
  <testcase name="testNinja" time="0.001" classname="testclasses.TestNG_Grouping_1"/>
  <testcase name="testHondaCBR" time="0.001" classname="testclasses.TestNG_Grouping_1"/>
</testsuite> <!-- testclasses.TestNG_Grouping_1 -->
