<?xml version="1.0" encoding="UTF-8"?>
<!-- Generated by org.testng.reporters.JUnitReportReporter -->
<testsuite skipped="1" hostname="Yongs-MBP.hsd1.ca.comcast.net" name="testclasses.TestNG_EnableTimeout" tests="2" failures="0" timestamp="21 Apr 2018 03:53:49 GMT" time="0.212" errors="0">
  <testcase name="testMethod2" time="0.212" classname="testclasses.TestNG_EnableTimeout"/>
  <testcase name="testMethod1" classname="testclasses.TestNG_EnableTimeout">
    <skipped/>
  </testcase> <!-- testMethod1 -->
</testsuite> <!-- testclasses.TestNG_EnableTimeout -->
