<?xml version="1.0" encoding="UTF-8"?>
<!-- Generated by org.testng.reporters.JUnitReportReporter -->
<testsuite skipped="0" hostname="Yongs-MacBook-Pro.local" name="testclasses.TestNG_Grouping" tests="4" failures="0" timestamp="11 Jun 2018 19:31:29 GMT" time="0.008" errors="0">
  <testcase name="testNinja" time="0.001" classname="testclasses.TestNG_Grouping"/>
  <testcase name="testBMWX6" time="0.001" classname="testclasses.TestNG_Grouping"/>
  <testcase name="testHondaCBR" time="0.001" classname="testclasses.TestNG_Grouping"/>
  <testcase name="testAudiA6" time="0.005" classname="testclasses.TestNG_Grouping"/>
</testsuite> <!-- testclasses.TestNG_Grouping -->
